{
  message: 'kaka is not defined',
  level: 'error',
  service: 'user-service',
  label: 'right meow!',
  timestamp: '2025-04-26T13:08:49.040Z'
}
{
  message: 'kaka is not defined',
  level: 'error',
  service: 'user-service',
  label: 'right meow!',
  timestamp: '2025-04-26T13:14:16.586Z'
}
{
  message: "Cannot access 'hashedPassword' before initialization",
  level: 'error',
  service: 'user-service',
  label: 'right meow!',
  timestamp: '2025-04-26T15:33:31.877Z'
}
{
  message: "Cannot access 'hashedPassword' before initialization",
  level: 'error',
  service: 'user-service',
  label: 'right meow!',
  timestamp: '2025-04-26T15:34:49.921Z'
}
